<?xml version="1.0" encoding="UTF-8"?>
<testng-results ignored="0" total="1" passed="1" failed="0" skipped="0">
  <reporter-output>
  </reporter-output>
  <suite started-at="2026-05-12T08:44:48 IST" name="Surefire suite" finished-at="2026-05-12T08:44:48 IST" duration-ms="36">
    <groups>
    </groups>
    <test started-at="2026-05-12T08:44:48 IST" name="Surefire test" finished-at="2026-05-12T08:44:48 IST" duration-ms="36">
      <class name="jenkins_maven_practice6.LoginTest">
        <test-method signature="hello()[pri:0, instance:jenkins_maven_practice6.LoginTest@1a0dcaa]" started-at="2026-05-12T08:44:48 IST" name="hello" finished-at="2026-05-12T08:44:48 IST" duration-ms="4" status="PASS">
          <reporter-output>
          </reporter-output>
        </test-method> <!-- hello -->
      </class> <!-- jenkins_maven_practice6.LoginTest -->
    </test> <!-- Surefire test -->
  </suite> <!-- Surefire suite -->
</testng-results>
