<?xml version="1.0" encoding="UTF-8"?>
<testng-results ignored="0" total="1" passed="1" failed="0" skipped="0">
  <reporter-output>
  </reporter-output>
  <suite started-at="2026-05-11T15:30:12 IST" name="Default suite" finished-at="2026-05-11T15:30:12 IST" duration-ms="69">
    <groups>
    </groups>
    <test started-at="2026-05-11T15:30:12 IST" name="Default test" finished-at="2026-05-11T15:30:12 IST" duration-ms="69">
      <class name="jenkins_maven_practice6.LoginTest">
        <test-method signature="hello()[pri:0, instance:jenkins_maven_practice6.LoginTest@6dc17b83]" started-at="2026-05-11T15:30:12 IST" name="hello" finished-at="2026-05-11T15:30:12 IST" duration-ms="11" status="PASS">
          <reporter-output>
          </reporter-output>
        </test-method> <!-- hello -->
      </class> <!-- jenkins_maven_practice6.LoginTest -->
    </test> <!-- Default test -->
  </suite> <!-- Default suite -->
</testng-results>
